<?xml version="1.0" encoding="UTF-8"?>
<testsuite xmlns:xsi="http://www.w3.org/2001/XMLSchema-instance" xsi:noNamespaceSchemaLocation="https://maven.apache.org/surefire/maven-surefire-plugin/xsd/surefire-test-report.xsd" name="testRunners.MenuManagementTest" time="0.333" tests="2" errors="0" skipped="0" failures="0">
  <properties>
[...]
</properties>
  <testcase name="Add another menu item" classname="Menu Management" time="0.008"/>
  <testcase name="Add onemore menu item" classname="Menu Management" time="0.003"/>
</testsuite>